Using pre-set license
Built from '2020.3/staging' branch; Version is '2020.3.0f1 (c7b5465681fb) revision 13088070'; Using compiler version '192528614'; Build Type 'Release'
OS: 'Windows 10 Home; OS build 19045.4170; Version 2009; 64bit' Language: 'en' Physical Memory: 16310 MB
BatchMode: 1, IsHumanControllingUs: 0, StartBugReporterOnCrash: 0, Is64bit: 1, IsPro: 0

 COMMAND LINE ARGUMENTS:
C:\Program Files\Unity\Hub\Editor\2020.3.0f1\Editor\Unity.exe
-adb2
-batchMode
-noUpm
-name
AssetImportWorker0
-projectPath
C:/Users/lilli/OneDrive/Desktop/Robbys_Homework/SWDV 271/Week 10/Hour13
-logFile
Logs/AssetImportWorker0.log
-srvPort
64935
Successfully changed project path to: C:/Users/lilli/OneDrive/Desktop/Robbys_Homework/SWDV 271/Week 10/Hour13
C:/Users/lilli/OneDrive/Desktop/Robbys_Homework/SWDV 271/Week 10/Hour13
Using Asset Import Pipeline V2.
Refreshing native plugins compatible for Editor in 28.26 ms, found 1 plugins.
Preloading 0 native plugins for Editor in 0.00 ms.
Initialize engine version: 2020.3.0f1 (c7b5465681fb)
[Subsystems] Discovering subsystems at path C:/Program Files/Unity/Hub/Editor/2020.3.0f1/Editor/Data/Resources/UnitySubsystems
[Subsystems] Discovering subsystems at path C:/Users/lilli/OneDrive/Desktop/Robbys_Homework/SWDV 271/Week 10/Hour13/Assets
GfxDevice: creating device client; threaded=0
Direct3D:
    Version:  Direct3D 11.0 [level 11.1]
    Renderer: Radeon RX 580 Series (ID=0x67df)
    Vendor:   
    VRAM:     8170 MB
    Driver:   31.0.12027.9001
Initialize mono
Mono path[0] = 'C:/Program Files/Unity/Hub/Editor/2020.3.0f1/Editor/Data/Managed'
Mono path[1] = 'C:/Program Files/Unity/Hub/Editor/2020.3.0f1/Editor/Data/MonoBleedingEdge/lib/mono/unityjit'
Mono config path = 'C:/Program Files/Unity/Hub/Editor/2020.3.0f1/Editor/Data/MonoBleedingEdge/etc'
Using monoOptions --debugger-agent=transport=dt_socket,embedding=1,server=y,suspend=n,address=127.0.0.1:56364
Begin MonoManager ReloadAssembly
Registering precompiled unity dll's ...
Register platform support module: C:/Program Files/Unity/Hub/Editor/2020.3.0f1/Editor/Data/PlaybackEngines/WebGLSupport/UnityEditor.WebGL.Extensions.dll
Register platform support module: C:/Program Files/Unity/Hub/Editor/2020.3.0f1/Editor/Data/PlaybackEngines/MacStandaloneSupport/UnityEditor.OSXStandalone.Extensions.dll
Register platform support module: C:/Program Files/Unity/Hub/Editor/2020.3.0f1/Editor/Data/PlaybackEngines/WindowsStandaloneSupport/UnityEditor.WindowsStandalone.Extensions.dll
Registered in 0.002862 seconds.
Native extension for WindowsStandalone target not found
Native extension for OSXStandalone target not found
Native extension for WebGL target not found
Refreshing native plugins compatible for Editor in 28.18 ms, found 1 plugins.
Preloading 0 native plugins for Editor in 0.00 ms.
Invoked RoslynAnalysisRunner static constructor.
RoslynAnalysisRunner will not be running.
RoslynAnalysisRunner has terminated.
Mono: successfully reloaded assembly
- Completed reload, in  2.487 seconds
Platform modules already initialized, skipping
Registering precompiled user dll's ...
Registered in 0.000822 seconds.
Begin MonoManager ReloadAssembly
Native extension for WindowsStandalone target not found
Native extension for OSXStandalone target not found
Native extension for WebGL target not found
Refreshing native plugins compatible for Editor in 28.95 ms, found 1 plugins.
Preloading 0 native plugins for Editor in 0.00 ms.
Invoked RoslynAnalysisRunner static constructor.
RoslynAnalysisRunner will not be running.
RoslynAnalysisRunner has terminated.
Mono: successfully reloaded assembly
- Completed reload, in  0.744 seconds
Platform modules already initialized, skipping
========================================================================
Worker process is ready to serve import requests
Launched and connected shader compiler UnityShaderCompiler.exe after 0.04 seconds
Refreshing native plugins compatible for Editor in 0.39 ms, found 1 plugins.
Preloading 0 native plugins for Editor in 0.00 ms.
Unloading 1806 Unused Serialized files (Serialized files now loaded: 0)
System memory in use before: 84.5 MB.
System memory in use after: 84.6 MB.

Unloading 19 unused Assets to reduce memory usage. Loaded Objects now: 2253.
Total: 1.905100 ms (FindLiveObjects: 0.257500 ms CreateObjectMapping: 0.053500 ms MarkObjects: 1.536600 ms  DeleteObjects: 0.056400 ms)

========================================================================
Received Import Request.
  path: Assets
  artifactKey: Guid(00000000000000001000000000000000) Importer(815301076,1909f56bfc062723c751e8b465ee728b)
Start importing Assets using Guid(00000000000000001000000000000000) Importer(815301076,1909f56bfc062723c751e8b465ee728b)  -> (artifact id: '42baae205c97e3337697759514652acd') in 0.009468 seconds
  Import took 0.011891 seconds .

========================================================================
Received Import Request.
  Time since last request: 2.826814 seconds.
  path: Assets/TUY1.unity
  artifactKey: Guid(4a958cdd196fc34489b5650d368e8b17) Importer(815301076,1909f56bfc062723c751e8b465ee728b)
Start importing Assets/TUY1.unity using Guid(4a958cdd196fc34489b5650d368e8b17) Importer(815301076,1909f56bfc062723c751e8b465ee728b)  -> (artifact id: '20a57c7fdfc8c8c8735d6106dcdcb42e') in 0.013279 seconds
  Import took 0.016487 seconds .

========================================================================
Received Import Request.
  Time since last request: 6.694950 seconds.
  path: Assets/TIY1.unity
  artifactKey: Guid(4a958cdd196fc34489b5650d368e8b17) Importer(815301076,1909f56bfc062723c751e8b465ee728b)
Start importing Assets/TIY1.unity using Guid(4a958cdd196fc34489b5650d368e8b17) Importer(815301076,1909f56bfc062723c751e8b465ee728b)  -> (artifact id: '10ae8eb06d0da776d3c7c4c871ba205b') in 0.007690 seconds
  Import took 0.010550 seconds .

========================================================================
Received Import Request.
  Time since last request: 283.517485 seconds.
  path: Assets/TIY2.unity
  artifactKey: Guid(45b70398394c0cc439181c826c8a07bc) Importer(815301076,1909f56bfc062723c751e8b465ee728b)
Start importing Assets/TIY2.unity using Guid(45b70398394c0cc439181c826c8a07bc) Importer(815301076,1909f56bfc062723c751e8b465ee728b)  -> (artifact id: '0086fde14d4033384a7aeb0554a9550e') in 0.007484 seconds
  Import took 0.011191 seconds .

========================================================================
Received Import Request.
  Time since last request: 0.000524 seconds.
  path: Assets/TIY2.unity
  artifactKey: Guid(45b70398394c0cc439181c826c8a07bc) Importer(815301076,1909f56bfc062723c751e8b465ee728b)
Start importing Assets/TIY2.unity using Guid(45b70398394c0cc439181c826c8a07bc) Importer(815301076,1909f56bfc062723c751e8b465ee728b)  -> (artifact id: '0086fde14d4033384a7aeb0554a9550e') in 0.002269 seconds
  Import took 0.004735 seconds .

========================================================================
Received Import Request.
  Time since last request: 5.074423 seconds.
  path: Assets/TIY1.unity
  artifactKey: Guid(4a958cdd196fc34489b5650d368e8b17) Importer(815301076,1909f56bfc062723c751e8b465ee728b)
Start importing Assets/TIY1.unity using Guid(4a958cdd196fc34489b5650d368e8b17) Importer(815301076,1909f56bfc062723c751e8b465ee728b)  -> (artifact id: '2bc4f137b871b4d5760644027a057574') in 0.002648 seconds
  Import took 0.005839 seconds .

========================================================================
Received Import Request.
  Time since last request: 16.588385 seconds.
  path: Assets/TIY2.unity
  artifactKey: Guid(45b70398394c0cc439181c826c8a07bc) Importer(815301076,1909f56bfc062723c751e8b465ee728b)
Start importing Assets/TIY2.unity using Guid(45b70398394c0cc439181c826c8a07bc) Importer(815301076,1909f56bfc062723c751e8b465ee728b)  -> (artifact id: '7aa47a7ba9e3c4841e575767b800ecf5') in 0.002565 seconds
  Import took 0.006005 seconds .

========================================================================
Received Import Request.
  Time since last request: 59.305129 seconds.
  path: Assets/Jungle Tiles.prefab
  artifactKey: Guid(38d7b7627af52844cbbcb1a182ed9ecc) Importer(815301076,1909f56bfc062723c751e8b465ee728b)
Start importing Assets/Jungle Tiles.prefab using Guid(38d7b7627af52844cbbcb1a182ed9ecc) Importer(815301076,1909f56bfc062723c751e8b465ee728b)  -> (artifact id: '43fba8fe51ecbc3a5bedc1f496264d95') in 0.037305 seconds
  Import took 0.040197 seconds .

========================================================================
Received Import Request.
  Time since last request: 35.014703 seconds.
  path: Assets/Palettes/Grass Tiles.prefab
  artifactKey: Guid(a77097ce6ebcee840a39b9165931aeb8) Importer(815301076,1909f56bfc062723c751e8b465ee728b)
Start importing Assets/Palettes/Grass Tiles.prefab using Guid(a77097ce6ebcee840a39b9165931aeb8) Importer(815301076,1909f56bfc062723c751e8b465ee728b)  -> (artifact id: '88d81b4e6e6b98c2aa55a2de6824a7d4') in 0.007518 seconds
  Import took 0.010403 seconds .

========================================================================
Received Import Request.
  Time since last request: 230.315298 seconds.
  path: Assets/Sprites/GrassPlatform_TileSet.png
  artifactKey: Guid(321ecafcdd8934546b96f0d7c268d8c4) Importer(815301076,1909f56bfc062723c751e8b465ee728b)
Start importing Assets/Sprites/GrassPlatform_TileSet.png using Guid(321ecafcdd8934546b96f0d7c268d8c4) Importer(815301076,1909f56bfc062723c751e8b465ee728b)  -> (artifact id: '2a508e34f826a03e7b7d3dec71128f52') in 0.082924 seconds
  Import took 0.086041 seconds .

========================================================================
Received Import Request.
  Time since last request: 0.000179 seconds.
  path: Assets/Sprites/Jungle_Tileset.png
  artifactKey: Guid(b091867ac81b910428603503dfeb01c8) Importer(815301076,1909f56bfc062723c751e8b465ee728b)
Start importing Assets/Sprites/Jungle_Tileset.png using Guid(b091867ac81b910428603503dfeb01c8) Importer(815301076,1909f56bfc062723c751e8b465ee728b)  -> (artifact id: '6cb44417bd2d6527a4c752dc6a45e261') in 0.013551 seconds
  Import took 0.016464 seconds .

========================================================================
Received Import Request.
  Time since last request: 32.228465 seconds.
  path: Assets/Sprites/GrassPlatform_TileSet.png
  artifactKey: Guid(321ecafcdd8934546b96f0d7c268d8c4) Importer(815301076,1909f56bfc062723c751e8b465ee728b)
Start importing Assets/Sprites/GrassPlatform_TileSet.png using Guid(321ecafcdd8934546b96f0d7c268d8c4) Importer(815301076,1909f56bfc062723c751e8b465ee728b)  -> (artifact id: '4eadadc38e7f57fe4cb37743ac2cfebf') in 0.010033 seconds
  Import took 0.013254 seconds .

========================================================================
Received Import Request.
  Time since last request: 0.002029 seconds.
  path: Assets/Sprites/GrassPlatform_TileSet.png
  artifactKey: Guid(321ecafcdd8934546b96f0d7c268d8c4) Importer(815301076,1909f56bfc062723c751e8b465ee728b)
Start importing Assets/Sprites/GrassPlatform_TileSet.png using Guid(321ecafcdd8934546b96f0d7c268d8c4) Importer(815301076,1909f56bfc062723c751e8b465ee728b)  -> (artifact id: '4eadadc38e7f57fe4cb37743ac2cfebf') in 0.009388 seconds
  Import took 0.011889 seconds .

========================================================================
Received Import Request.
  Time since last request: 43.822077 seconds.
  path: Assets/Sprites/GrassPlatform_TileSet.png
  artifactKey: Guid(321ecafcdd8934546b96f0d7c268d8c4) Importer(815301076,1909f56bfc062723c751e8b465ee728b)
Start importing Assets/Sprites/GrassPlatform_TileSet.png using Guid(321ecafcdd8934546b96f0d7c268d8c4) Importer(815301076,1909f56bfc062723c751e8b465ee728b)  -> (artifact id: 'a0f38dea149a1aa7bb05789012547a2d') in 0.037781 seconds
  Import took 0.041225 seconds .

========================================================================
Received Import Request.
  Time since last request: 7.480048 seconds.
  path: Assets/Sprites/Jungle_Tileset.png
  artifactKey: Guid(b091867ac81b910428603503dfeb01c8) Importer(815301076,1909f56bfc062723c751e8b465ee728b)
Start importing Assets/Sprites/Jungle_Tileset.png using Guid(b091867ac81b910428603503dfeb01c8) Importer(815301076,1909f56bfc062723c751e8b465ee728b)  -> (artifact id: '082250611db4531dd0277ec61fbb7b5a') in 0.010367 seconds
  Import took 0.013545 seconds .

========================================================================
Received Import Request.
  Time since last request: 15.348231 seconds.
  path: Assets/Sprites/Jungle_Tileset.png
  artifactKey: Guid(b091867ac81b910428603503dfeb01c8) Importer(815301076,1909f56bfc062723c751e8b465ee728b)
Start importing Assets/Sprites/Jungle_Tileset.png using Guid(b091867ac81b910428603503dfeb01c8) Importer(815301076,1909f56bfc062723c751e8b465ee728b)  -> (artifact id: '49a2407861babf0180ae666b097254bb') in 0.071624 seconds
  Import took 0.074672 seconds .

========================================================================
Received Import Request.
  Time since last request: 30.992977 seconds.
  path: Assets/Tiles
  artifactKey: Guid(ff42ef43b9b41db4a940a789e1c7c9ba) Importer(815301076,1909f56bfc062723c751e8b465ee728b)
Start importing Assets/Tiles using Guid(ff42ef43b9b41db4a940a789e1c7c9ba) Importer(815301076,1909f56bfc062723c751e8b465ee728b)  -> (artifact id: 'de88de225023aa2366be8fefc5d08854') in 0.007837 seconds
  Import took 0.011206 seconds .

========================================================================
Received Import Request.
  Time since last request: 0.000300 seconds.
  path: Assets/Tiles
  artifactKey: Guid(ff42ef43b9b41db4a940a789e1c7c9ba) Importer(815301076,1909f56bfc062723c751e8b465ee728b)
Start importing Assets/Tiles using Guid(ff42ef43b9b41db4a940a789e1c7c9ba) Importer(815301076,1909f56bfc062723c751e8b465ee728b)  -> (artifact id: 'de88de225023aa2366be8fefc5d08854') in 0.002304 seconds
  Import took 0.004392 seconds .

========================================================================
Received Import Request.
  Time since last request: 93.713081 seconds.
  path: Assets/Tiles/GrassPlatform_TileSet_0.asset
  artifactKey: Guid(ddb23496f90d03240b080d5b612f73b8) Importer(815301076,1909f56bfc062723c751e8b465ee728b)
Start importing Assets/Tiles/GrassPlatform_TileSet_0.asset using Guid(ddb23496f90d03240b080d5b612f73b8) Importer(815301076,1909f56bfc062723c751e8b465ee728b)  -> (artifact id: '17112e7fde62aed86bffa6a7fe884d6c') in 0.018757 seconds
  Import took 0.021830 seconds .

========================================================================
Received Import Request.
  Time since last request: 0.000165 seconds.
  path: Assets/Tiles/Jungle_Tileset_23.asset
  artifactKey: Guid(4d840d8245443494aa6dc39a449d03d2) Importer(815301076,1909f56bfc062723c751e8b465ee728b)
Start importing Assets/Tiles/Jungle_Tileset_23.asset using Guid(4d840d8245443494aa6dc39a449d03d2) Importer(815301076,1909f56bfc062723c751e8b465ee728b)  -> (artifact id: '73b3637f2d3dea565a6adda43e207806') in 0.012627 seconds
  Import took 0.015025 seconds .

========================================================================
Received Import Request.
  Time since last request: 0.000149 seconds.
  path: Assets/Tiles/Jungle_Tileset_29.asset
  artifactKey: Guid(ba7341ebe65103343975f11a8bbaf1e3) Importer(815301076,1909f56bfc062723c751e8b465ee728b)
Start importing Assets/Tiles/Jungle_Tileset_29.asset using Guid(ba7341ebe65103343975f11a8bbaf1e3) Importer(815301076,1909f56bfc062723c751e8b465ee728b)  -> (artifact id: 'd011f5734f34ce966b6122e7fbd63f58') in 0.012993 seconds
  Import took 0.015742 seconds .

========================================================================
Received Import Request.
  Time since last request: 0.000196 seconds.
  path: Assets/Tiles/GrassPlatform_TileSet_6.asset
  artifactKey: Guid(5cf516594583170408accf07599b71c5) Importer(815301076,1909f56bfc062723c751e8b465ee728b)
Start importing Assets/Tiles/GrassPlatform_TileSet_6.asset using Guid(5cf516594583170408accf07599b71c5) Importer(815301076,1909f56bfc062723c751e8b465ee728b)  -> (artifact id: 'f3291860dbcebd169c6c14b110cc57ef') in 0.009322 seconds
  Import took 0.011822 seconds .

========================================================================
Received Import Request.
  Time since last request: 0.000157 seconds.
  path: Assets/Tiles/GrassPlatform_TileSet_10.asset
  artifactKey: Guid(840178a18e10f55448168b4b8723568f) Importer(815301076,1909f56bfc062723c751e8b465ee728b)
Start importing Assets/Tiles/GrassPlatform_TileSet_10.asset using Guid(840178a18e10f55448168b4b8723568f) Importer(815301076,1909f56bfc062723c751e8b465ee728b)  -> (artifact id: 'fd4487aaeb7cc0dc9f1623e60d97b67a') in 0.010677 seconds
  Import took 0.013211 seconds .

========================================================================
Received Import Request.
  Time since last request: 0.000189 seconds.
  path: Assets/Tiles/GrassPlatform_TileSet_1.asset
  artifactKey: Guid(4e7875f2ee96bf1408bdbcaf06c36688) Importer(815301076,1909f56bfc062723c751e8b465ee728b)
Start importing Assets/Tiles/GrassPlatform_TileSet_1.asset using Guid(4e7875f2ee96bf1408bdbcaf06c36688) Importer(815301076,1909f56bfc062723c751e8b465ee728b)  -> (artifact id: 'a4d69954261f242fc8ea9a05aa67be04') in 0.009484 seconds
  Import took 0.012436 seconds .

========================================================================
Received Import Request.
  Time since last request: 0.000160 seconds.
  path: Assets/Tiles/Jungle_Tileset_31.asset
  artifactKey: Guid(022993ad523ccf8448e5091ccce6294c) Importer(815301076,1909f56bfc062723c751e8b465ee728b)
Start importing Assets/Tiles/Jungle_Tileset_31.asset using Guid(022993ad523ccf8448e5091ccce6294c) Importer(815301076,1909f56bfc062723c751e8b465ee728b)  -> (artifact id: '16071f6e23540c3b55a04d4db019b328') in 0.011364 seconds
  Import took 0.014153 seconds .

========================================================================
Received Import Request.
  Time since last request: 0.000155 seconds.
  path: Assets/Tiles/GrassPlatform_TileSet_23.asset
  artifactKey: Guid(500850aaac110a34cb989bbdbacc3b6f) Importer(815301076,1909f56bfc062723c751e8b465ee728b)
Start importing Assets/Tiles/GrassPlatform_TileSet_23.asset using Guid(500850aaac110a34cb989bbdbacc3b6f) Importer(815301076,1909f56bfc062723c751e8b465ee728b)  -> (artifact id: '7edb7f649765f5de4a3497b8e04c81ed') in 0.010944 seconds
  Import took 0.013846 seconds .

========================================================================
Received Import Request.
  Time since last request: 0.000154 seconds.
  path: Assets/Tiles/Jungle_Tileset_22.asset
  artifactKey: Guid(cb423789cf99ee54690fc6e5c93bd505) Importer(815301076,1909f56bfc062723c751e8b465ee728b)
Start importing Assets/Tiles/Jungle_Tileset_22.asset using Guid(cb423789cf99ee54690fc6e5c93bd505) Importer(815301076,1909f56bfc062723c751e8b465ee728b)  -> (artifact id: '8788a9bd0645858f62ef6924951d9863') in 0.011068 seconds
  Import took 0.013809 seconds .

========================================================================
Received Import Request.
  Time since last request: 0.000148 seconds.
  path: Assets/Tiles/Jungle_Tileset_24.asset
  artifactKey: Guid(209078cbb2c1ac24698ee58a9d0d3077) Importer(815301076,1909f56bfc062723c751e8b465ee728b)
Start importing Assets/Tiles/Jungle_Tileset_24.asset using Guid(209078cbb2c1ac24698ee58a9d0d3077) Importer(815301076,1909f56bfc062723c751e8b465ee728b)  -> (artifact id: 'e08745d526d2b6696d4593799f0890d1') in 0.011297 seconds
  Import took 0.013839 seconds .

========================================================================
Received Import Request.
  Time since last request: 0.000161 seconds.
  path: Assets/Tiles/GrassPlatform_TileSet_21.asset
  artifactKey: Guid(b7113e76f67d9de4bb2cfe7089dbf3c0) Importer(815301076,1909f56bfc062723c751e8b465ee728b)
Start importing Assets/Tiles/GrassPlatform_TileSet_21.asset using Guid(b7113e76f67d9de4bb2cfe7089dbf3c0) Importer(815301076,1909f56bfc062723c751e8b465ee728b)  -> (artifact id: '672ae8dec3dde7e8b79b4f6db256266b') in 0.009855 seconds
  Import took 0.012447 seconds .

========================================================================
Received Import Request.
  Time since last request: 0.000160 seconds.
  path: Assets/Tiles/Jungle_Tileset_12.asset
  artifactKey: Guid(9a05fe8cef49da4498a89f2c55563b00) Importer(815301076,1909f56bfc062723c751e8b465ee728b)
Start importing Assets/Tiles/Jungle_Tileset_12.asset using Guid(9a05fe8cef49da4498a89f2c55563b00) Importer(815301076,1909f56bfc062723c751e8b465ee728b)  -> (artifact id: 'f12aff02fe313f7890ff0853ba4ac2fa') in 0.011596 seconds
  Import took 0.014391 seconds .

========================================================================
Received Import Request.
  Time since last request: 0.000186 seconds.
  path: Assets/Tiles/GrassPlatform_TileSet_15.asset
  artifactKey: Guid(75cb09311bdc09d4fa8718cf6ca3492c) Importer(815301076,1909f56bfc062723c751e8b465ee728b)
Start importing Assets/Tiles/GrassPlatform_TileSet_15.asset using Guid(75cb09311bdc09d4fa8718cf6ca3492c) Importer(815301076,1909f56bfc062723c751e8b465ee728b)  -> (artifact id: '7014899c39d6c5c8503bc137dd334614') in 0.009488 seconds
  Import took 0.012030 seconds .

========================================================================
Received Import Request.
  Time since last request: 0.000160 seconds.
  path: Assets/Tiles/Jungle_Tileset_20.asset
  artifactKey: Guid(7c9e6a81d51f2be4a9857154c0f15ced) Importer(815301076,1909f56bfc062723c751e8b465ee728b)
Start importing Assets/Tiles/Jungle_Tileset_20.asset using Guid(7c9e6a81d51f2be4a9857154c0f15ced) Importer(815301076,1909f56bfc062723c751e8b465ee728b)  -> (artifact id: '842b5ee37926fe7c9af23869ecd712be') in 0.011524 seconds
  Import took 0.014216 seconds .

========================================================================
Received Import Request.
  Time since last request: 0.000183 seconds.
  path: Assets/Tiles/GrassPlatform_TileSet_12.asset
  artifactKey: Guid(153968eec8e8ff044bb2caa9cf4d25ee) Importer(815301076,1909f56bfc062723c751e8b465ee728b)
Start importing Assets/Tiles/GrassPlatform_TileSet_12.asset using Guid(153968eec8e8ff044bb2caa9cf4d25ee) Importer(815301076,1909f56bfc062723c751e8b465ee728b)  -> (artifact id: 'de23875fd145e87cc756605c403dea01') in 0.011028 seconds
  Import took 0.013688 seconds .

========================================================================
Received Import Request.
  Time since last request: 0.000211 seconds.
  path: Assets/Tiles/Jungle_Tileset_14.asset
  artifactKey: Guid(658b4523223a4a545add8c8895cecf7b) Importer(815301076,1909f56bfc062723c751e8b465ee728b)
Start importing Assets/Tiles/Jungle_Tileset_14.asset using Guid(658b4523223a4a545add8c8895cecf7b) Importer(815301076,1909f56bfc062723c751e8b465ee728b)  -> (artifact id: '51018e94c8bf4056fac58118d77865d2') in 0.013532 seconds
  Import took 0.016558 seconds .

========================================================================
Received Import Request.
  Time since last request: 0.000230 seconds.
  path: Assets/Tiles/Jungle_Tileset_28.asset
  artifactKey: Guid(741d95e31a614344e84fb71dc285a8d4) Importer(815301076,1909f56bfc062723c751e8b465ee728b)
Start importing Assets/Tiles/Jungle_Tileset_28.asset using Guid(741d95e31a614344e84fb71dc285a8d4) Importer(815301076,1909f56bfc062723c751e8b465ee728b)  -> (artifact id: '465d5dade96410c5b9ff335bf0d555db') in 0.011734 seconds
  Import took 0.014741 seconds .

========================================================================
Received Import Request.
  Time since last request: 0.000194 seconds.
  path: Assets/Tiles/GrassPlatform_TileSet_16.asset
  artifactKey: Guid(3df48f5329df5924093e7f8d3678e2a1) Importer(815301076,1909f56bfc062723c751e8b465ee728b)
Start importing Assets/Tiles/GrassPlatform_TileSet_16.asset using Guid(3df48f5329df5924093e7f8d3678e2a1) Importer(815301076,1909f56bfc062723c751e8b465ee728b)  -> (artifact id: 'a3647659044b181e32bf1cacaab55664') in 0.010825 seconds
  Import took 0.013918 seconds .

========================================================================
Received Import Request.
  Time since last request: 0.000203 seconds.
  path: Assets/Tiles/Jungle_Tileset_30.asset
  artifactKey: Guid(0ff6c56d5b32d1d459ab8fd5a05cc0d7) Importer(815301076,1909f56bfc062723c751e8b465ee728b)
Start importing Assets/Tiles/Jungle_Tileset_30.asset using Guid(0ff6c56d5b32d1d459ab8fd5a05cc0d7) Importer(815301076,1909f56bfc062723c751e8b465ee728b)  -> (artifact id: 'de2e9a494bcf50429f58357c3e53a821') in 0.010978 seconds
  Import took 0.013961 seconds .

========================================================================
Received Import Request.
  Time since last request: 0.000150 seconds.
  path: Assets/Tiles/GrassPlatform_TileSet_3.asset
  artifactKey: Guid(4156985439025d444b913459a224886f) Importer(815301076,1909f56bfc062723c751e8b465ee728b)
Start importing Assets/Tiles/GrassPlatform_TileSet_3.asset using Guid(4156985439025d444b913459a224886f) Importer(815301076,1909f56bfc062723c751e8b465ee728b)  -> (artifact id: '879de06a18ba48f31bd671cd40e2e9d7') in 0.009714 seconds
  Import took 0.012343 seconds .

========================================================================
Received Import Request.
  Time since last request: 0.000174 seconds.
  path: Assets/Tiles/Jungle_Tileset_3.asset
  artifactKey: Guid(02a58f14a568ae24d85c1b590af496f9) Importer(815301076,1909f56bfc062723c751e8b465ee728b)
Start importing Assets/Tiles/Jungle_Tileset_3.asset using Guid(02a58f14a568ae24d85c1b590af496f9) Importer(815301076,1909f56bfc062723c751e8b465ee728b)  -> (artifact id: '1576aa55134279e963a58ca9033e624a') in 0.011492 seconds
  Import took 0.014441 seconds .

========================================================================
Received Import Request.
  Time since last request: 0.000167 seconds.
  path: Assets/Tiles/GrassPlatform_TileSet_22.asset
  artifactKey: Guid(16bf309d5299dad41887afc446fa8b05) Importer(815301076,1909f56bfc062723c751e8b465ee728b)
Start importing Assets/Tiles/GrassPlatform_TileSet_22.asset using Guid(16bf309d5299dad41887afc446fa8b05) Importer(815301076,1909f56bfc062723c751e8b465ee728b)  -> (artifact id: '8ca15bc2242d90a8a851c0f4ed37c11c') in 0.011831 seconds
  Import took 0.014659 seconds .

========================================================================
Received Import Request.
  Time since last request: 0.000200 seconds.
  path: Assets/Tiles/GrassPlatform_TileSet_8.asset
  artifactKey: Guid(e3d0d125a8e77284eaa40067e948e629) Importer(815301076,1909f56bfc062723c751e8b465ee728b)
Start importing Assets/Tiles/GrassPlatform_TileSet_8.asset using Guid(e3d0d125a8e77284eaa40067e948e629) Importer(815301076,1909f56bfc062723c751e8b465ee728b)  -> (artifact id: 'ae8ae0eeaf5e40d273c4fd37e9d75eac') in 0.009546 seconds
  Import took 0.012004 seconds .

========================================================================
Received Import Request.
  Time since last request: 0.000149 seconds.
  path: Assets/Tiles/Jungle_Tileset_9.asset
  artifactKey: Guid(a81151414c2b33b4ab1024e194820d07) Importer(815301076,1909f56bfc062723c751e8b465ee728b)
Start importing Assets/Tiles/Jungle_Tileset_9.asset using Guid(a81151414c2b33b4ab1024e194820d07) Importer(815301076,1909f56bfc062723c751e8b465ee728b)  -> (artifact id: '2ee048aa92308dc31435f2cf9d5804d7') in 0.012834 seconds
  Import took 0.015362 seconds .

========================================================================
Received Import Request.
  Time since last request: 0.000223 seconds.
  path: Assets/Tiles/Jungle_Tileset_0.asset
  artifactKey: Guid(4d8c0eea0a31e6d4baad1c69599639e0) Importer(815301076,1909f56bfc062723c751e8b465ee728b)
Start importing Assets/Tiles/Jungle_Tileset_0.asset using Guid(4d8c0eea0a31e6d4baad1c69599639e0) Importer(815301076,1909f56bfc062723c751e8b465ee728b)  -> (artifact id: 'a466d5a3130afb1428b4d2a9daec2825') in 0.011375 seconds
  Import took 0.014381 seconds .

========================================================================
Received Import Request.
  Time since last request: 0.000145 seconds.
  path: Assets/Tiles/GrassPlatform_TileSet_2.asset
  artifactKey: Guid(06f4c430044bd24418eb8e517e7bce11) Importer(815301076,1909f56bfc062723c751e8b465ee728b)
Start importing Assets/Tiles/GrassPlatform_TileSet_2.asset using Guid(06f4c430044bd24418eb8e517e7bce11) Importer(815301076,1909f56bfc062723c751e8b465ee728b)  -> (artifact id: '2a1bd9937c683ae688c7d45570fac42c') in 0.010458 seconds
  Import took 0.013088 seconds .

========================================================================
Received Import Request.
  Time since last request: 0.000178 seconds.
  path: Assets/Tiles/GrassPlatform_TileSet_13.asset
  artifactKey: Guid(02c9d3c8fed71ff489a54b37414b58c3) Importer(815301076,1909f56bfc062723c751e8b465ee728b)
Start importing Assets/Tiles/GrassPlatform_TileSet_13.asset using Guid(02c9d3c8fed71ff489a54b37414b58c3) Importer(815301076,1909f56bfc062723c751e8b465ee728b)  -> (artifact id: '4e3e1d639fb33df8b6a9f43b7a394979') in 0.010286 seconds
  Import took 0.012802 seconds .

========================================================================
Received Import Request.
  Time since last request: 0.000176 seconds.
  path: Assets/Tiles/Jungle_Tileset_1.asset
  artifactKey: Guid(162b726fa8174244c9a220416c23529f) Importer(815301076,1909f56bfc062723c751e8b465ee728b)
Start importing Assets/Tiles/Jungle_Tileset_1.asset using Guid(162b726fa8174244c9a220416c23529f) Importer(815301076,1909f56bfc062723c751e8b465ee728b)  -> (artifact id: '0045850969bf1c20c39c95c4635fd755') in 0.010865 seconds
  Import took 0.013521 seconds .

========================================================================
Received Import Request.
  Time since last request: 0.000192 seconds.
  path: Assets/Tiles/Jungle_Tileset_4.asset
  artifactKey: Guid(040513dbadd112d4c838de0e6b0cbb94) Importer(815301076,1909f56bfc062723c751e8b465ee728b)
Start importing Assets/Tiles/Jungle_Tileset_4.asset using Guid(040513dbadd112d4c838de0e6b0cbb94) Importer(815301076,1909f56bfc062723c751e8b465ee728b)  -> (artifact id: 'e808fce8bab6910ef23c84f3d3367d72') in 0.012076 seconds
  Import took 0.015142 seconds .

========================================================================
Received Import Request.
  Time since last request: 0.000170 seconds.
  path: Assets/Tiles/GrassPlatform_TileSet_25.asset
  artifactKey: Guid(bbceb7dec93b76342ade055d756767dd) Importer(815301076,1909f56bfc062723c751e8b465ee728b)
Start importing Assets/Tiles/GrassPlatform_TileSet_25.asset using Guid(bbceb7dec93b76342ade055d756767dd) Importer(815301076,1909f56bfc062723c751e8b465ee728b)  -> (artifact id: '00b57bbf0f2eaf90e61c9261076321da') in 0.010474 seconds
  Import took 0.013183 seconds .

========================================================================
Received Import Request.
  Time since last request: 0.000218 seconds.
  path: Assets/Tiles/GrassPlatform_TileSet_19.asset
  artifactKey: Guid(43257e4cb66ec1d47a7001a872f2cee8) Importer(815301076,1909f56bfc062723c751e8b465ee728b)
Start importing Assets/Tiles/GrassPlatform_TileSet_19.asset using Guid(43257e4cb66ec1d47a7001a872f2cee8) Importer(815301076,1909f56bfc062723c751e8b465ee728b)  -> (artifact id: 'f886bf2e3b6bf52a0345a820297ed23a') in 0.009951 seconds
  Import took 0.012841 seconds .

========================================================================
Received Import Request.
  Time since last request: 0.000149 seconds.
  path: Assets/Tiles/Jungle_Tileset_13.asset
  artifactKey: Guid(9119112c37d651f42a05f202b25b31cb) Importer(815301076,1909f56bfc062723c751e8b465ee728b)
Start importing Assets/Tiles/Jungle_Tileset_13.asset using Guid(9119112c37d651f42a05f202b25b31cb) Importer(815301076,1909f56bfc062723c751e8b465ee728b)  -> (artifact id: 'f82ce5c0125b135c65d30deb0f1d691f') in 0.010560 seconds
  Import took 0.013036 seconds .

========================================================================
Received Import Request.
  Time since last request: 0.000210 seconds.
  path: Assets/Tiles/Jungle_Tileset_27.asset
  artifactKey: Guid(b980418da8feac544a846b205b3e6dc4) Importer(815301076,1909f56bfc062723c751e8b465ee728b)
Start importing Assets/Tiles/Jungle_Tileset_27.asset using Guid(b980418da8feac544a846b205b3e6dc4) Importer(815301076,1909f56bfc062723c751e8b465ee728b)  -> (artifact id: '6ef1f6472605d7c886e5b4bf8ceb809a') in 0.011038 seconds
  Import took 0.013763 seconds .

========================================================================
Received Import Request.
  Time since last request: 0.000166 seconds.
  path: Assets/Tiles/GrassPlatform_TileSet_18.asset
  artifactKey: Guid(c04d1cb4314fea34f969ddc107ee9a06) Importer(815301076,1909f56bfc062723c751e8b465ee728b)
Start importing Assets/Tiles/GrassPlatform_TileSet_18.asset using Guid(c04d1cb4314fea34f969ddc107ee9a06) Importer(815301076,1909f56bfc062723c751e8b465ee728b)  -> (artifact id: '7a5011f37bb88c36aee24752743ff21e') in 0.009653 seconds
  Import took 0.012175 seconds .

========================================================================
Received Import Request.
  Time since last request: 0.000163 seconds.
  path: Assets/Tiles/GrassPlatform_TileSet_17.asset
  artifactKey: Guid(08224942c1fb5d044b0b7355698b9bf5) Importer(815301076,1909f56bfc062723c751e8b465ee728b)
Start importing Assets/Tiles/GrassPlatform_TileSet_17.asset using Guid(08224942c1fb5d044b0b7355698b9bf5) Importer(815301076,1909f56bfc062723c751e8b465ee728b)  -> (artifact id: '11d1af70a0cfdd93b0b00463689a9312') in 0.010282 seconds
  Import took 0.012923 seconds .

========================================================================
Received Import Request.
  Time since last request: 0.000193 seconds.
  path: Assets/Tiles/Jungle_Tileset_2.asset
  artifactKey: Guid(c02a8da4668fe784986d0bbc7f1dd612) Importer(815301076,1909f56bfc062723c751e8b465ee728b)
Start importing Assets/Tiles/Jungle_Tileset_2.asset using Guid(c02a8da4668fe784986d0bbc7f1dd612) Importer(815301076,1909f56bfc062723c751e8b465ee728b)  -> (artifact id: '5df7af2e7d2a7f99f80e7e6d9df8126f') in 0.012276 seconds
  Import took 0.014997 seconds .

========================================================================
Received Import Request.
  Time since last request: 0.000208 seconds.
  path: Assets/Tiles/Jungle_Tileset_8.asset
  artifactKey: Guid(a813e0f569d788a43832e6e5a9aa72dc) Importer(815301076,1909f56bfc062723c751e8b465ee728b)
Start importing Assets/Tiles/Jungle_Tileset_8.asset using Guid(a813e0f569d788a43832e6e5a9aa72dc) Importer(815301076,1909f56bfc062723c751e8b465ee728b)  -> (artifact id: '39af32a8eeec49e699f4b29edd962a95') in 0.011655 seconds
  Import took 0.014695 seconds .

========================================================================
Received Import Request.
  Time since last request: 0.000205 seconds.
  path: Assets/Tiles/Jungle_Tileset_11.asset
  artifactKey: Guid(3add7f1ab0593844e9b231cdb1fe49e6) Importer(815301076,1909f56bfc062723c751e8b465ee728b)
Start importing Assets/Tiles/Jungle_Tileset_11.asset using Guid(3add7f1ab0593844e9b231cdb1fe49e6) Importer(815301076,1909f56bfc062723c751e8b465ee728b)  -> (artifact id: 'f602f9d6dea51bfaee9b427f8b8ffb9a') in 0.011472 seconds
  Import took 0.014134 seconds .

========================================================================
Received Import Request.
  Time since last request: 0.000241 seconds.
  path: Assets/Tiles/GrassPlatform_TileSet_7.asset
  artifactKey: Guid(8eaacee50c83ad14cb84eb5e4ca40bf2) Importer(815301076,1909f56bfc062723c751e8b465ee728b)
Start importing Assets/Tiles/GrassPlatform_TileSet_7.asset using Guid(8eaacee50c83ad14cb84eb5e4ca40bf2) Importer(815301076,1909f56bfc062723c751e8b465ee728b)  -> (artifact id: '857fa9ad863e6a1489314ff3266dedb2') in 0.010262 seconds
  Import took 0.013054 seconds .

========================================================================
Received Import Request.
  Time since last request: 0.000185 seconds.
  path: Assets/Tiles/GrassPlatform_TileSet_5.asset
  artifactKey: Guid(74d6f1c773ee8bd4db8de65e2c6b70f5) Importer(815301076,1909f56bfc062723c751e8b465ee728b)
Start importing Assets/Tiles/GrassPlatform_TileSet_5.asset using Guid(74d6f1c773ee8bd4db8de65e2c6b70f5) Importer(815301076,1909f56bfc062723c751e8b465ee728b)  -> (artifact id: 'a51813c21505b50fe585186fbc532245') in 0.010130 seconds
  Import took 0.012798 seconds .

========================================================================
Received Import Request.
  Time since last request: 0.000203 seconds.
  path: Assets/Tiles/Jungle_Tileset_5.asset
  artifactKey: Guid(290163e782430774a99ad2aa671c016a) Importer(815301076,1909f56bfc062723c751e8b465ee728b)
Start importing Assets/Tiles/Jungle_Tileset_5.asset using Guid(290163e782430774a99ad2aa671c016a) Importer(815301076,1909f56bfc062723c751e8b465ee728b)  -> (artifact id: 'a9437a1451288b7afd50f4fd9553b86e') in 0.010628 seconds
  Import took 0.013483 seconds .

========================================================================
Received Import Request.
  Time since last request: 0.000155 seconds.
  path: Assets/Tiles/Jungle_Tileset_17.asset
  artifactKey: Guid(ba2bcba79ddbad44494ef60d2dbea1b0) Importer(815301076,1909f56bfc062723c751e8b465ee728b)
Start importing Assets/Tiles/Jungle_Tileset_17.asset using Guid(ba2bcba79ddbad44494ef60d2dbea1b0) Importer(815301076,1909f56bfc062723c751e8b465ee728b)  -> (artifact id: 'c82aaa15fb63d6585d107686f18d10ea') in 0.011632 seconds
  Import took 0.014146 seconds .

========================================================================
Received Import Request.
  Time since last request: 0.000209 seconds.
  path: Assets/Tiles/GrassPlatform_TileSet_4.asset
  artifactKey: Guid(62d7a082d1f622d4a87ee9f0ae528b9c) Importer(815301076,1909f56bfc062723c751e8b465ee728b)
Start importing Assets/Tiles/GrassPlatform_TileSet_4.asset using Guid(62d7a082d1f622d4a87ee9f0ae528b9c) Importer(815301076,1909f56bfc062723c751e8b465ee728b)  -> (artifact id: '6e4aff593cd67284631c8dc4453a33c1') in 0.010434 seconds
  Import took 0.013508 seconds .

========================================================================
Received Import Request.
  Time since last request: 0.000183 seconds.
  path: Assets/Tiles/GrassPlatform_TileSet_11.asset
  artifactKey: Guid(067d224eae649e4448759ca13400a83c) Importer(815301076,1909f56bfc062723c751e8b465ee728b)
Start importing Assets/Tiles/GrassPlatform_TileSet_11.asset using Guid(067d224eae649e4448759ca13400a83c) Importer(815301076,1909f56bfc062723c751e8b465ee728b)  -> (artifact id: 'b854f0fcf469c169749d7254cc775933') in 0.010740 seconds
  Import took 0.013637 seconds .

========================================================================
Received Import Request.
  Time since last request: 0.000167 seconds.
  path: Assets/Tiles/Jungle_Tileset_25.asset
  artifactKey: Guid(99bf173a7dde4fc4fb3c3e54fe09a9f5) Importer(815301076,1909f56bfc062723c751e8b465ee728b)
Start importing Assets/Tiles/Jungle_Tileset_25.asset using Guid(99bf173a7dde4fc4fb3c3e54fe09a9f5) Importer(815301076,1909f56bfc062723c751e8b465ee728b)  -> (artifact id: '8170acf10aaa8f1ce59f4d8b69d1d277') in 0.011069 seconds
  Import took 0.013749 seconds .

========================================================================
Received Import Request.
  Time since last request: 0.000197 seconds.
  path: Assets/Tiles/GrassPlatform_TileSet_24.asset
  artifactKey: Guid(b71b79589ec766d4698b56e1fd869c4c) Importer(815301076,1909f56bfc062723c751e8b465ee728b)
Start importing Assets/Tiles/GrassPlatform_TileSet_24.asset using Guid(b71b79589ec766d4698b56e1fd869c4c) Importer(815301076,1909f56bfc062723c751e8b465ee728b)  -> (artifact id: '3c6fa3454d42fb91c0fc3d9bc48f6556') in 0.010835 seconds
  Import took 0.013372 seconds .

========================================================================
Received Import Request.
  Time since last request: 0.000170 seconds.
  path: Assets/Tiles/Jungle_Tileset_26.asset
  artifactKey: Guid(9bb11157f83bddb45a0af6f891c05027) Importer(815301076,1909f56bfc062723c751e8b465ee728b)
Start importing Assets/Tiles/Jungle_Tileset_26.asset using Guid(9bb11157f83bddb45a0af6f891c05027) Importer(815301076,1909f56bfc062723c751e8b465ee728b)  -> (artifact id: 'f1e0324756c84e1668d9688bb4e13e42') in 0.011131 seconds
  Import took 0.013704 seconds .

========================================================================
Received Import Request.
  Time since last request: 0.000243 seconds.
  path: Assets/Tiles/Jungle_Tileset_10.asset
  artifactKey: Guid(d1ead30dcd2da20428cd4dc12f11387c) Importer(815301076,1909f56bfc062723c751e8b465ee728b)
Start importing Assets/Tiles/Jungle_Tileset_10.asset using Guid(d1ead30dcd2da20428cd4dc12f11387c) Importer(815301076,1909f56bfc062723c751e8b465ee728b)  -> (artifact id: '753950a1c8acb8b415d19da1fa301d86') in 0.012002 seconds
  Import took 0.015183 seconds .

========================================================================
Received Import Request.
  Time since last request: 0.000206 seconds.
  path: Assets/Tiles/Jungle_Tileset_21.asset
  artifactKey: Guid(d57e8824726cd4b468f0cf093d1b0b00) Importer(815301076,1909f56bfc062723c751e8b465ee728b)
Start importing Assets/Tiles/Jungle_Tileset_21.asset using Guid(d57e8824726cd4b468f0cf093d1b0b00) Importer(815301076,1909f56bfc062723c751e8b465ee728b)  -> (artifact id: 'a96d31c54b815f840b91a4a2f91e6026') in 0.010896 seconds
  Import took 0.013501 seconds .

========================================================================
Received Import Request.
  Time since last request: 0.000201 seconds.
  path: Assets/Tiles/Jungle_Tileset_6.asset
  artifactKey: Guid(96b56bbf48bfd6249ad8c46ba9e3c060) Importer(815301076,1909f56bfc062723c751e8b465ee728b)
Start importing Assets/Tiles/Jungle_Tileset_6.asset using Guid(96b56bbf48bfd6249ad8c46ba9e3c060) Importer(815301076,1909f56bfc062723c751e8b465ee728b)  -> (artifact id: '2f05e8ffe5e0a10b4b082764376d5196') in 0.012124 seconds
  Import took 0.015171 seconds .

========================================================================
Received Import Request.
  Time since last request: 0.000199 seconds.
  path: Assets/Tiles/Jungle_Tileset_7.asset
  artifactKey: Guid(dac536fc4e86d2d448e379f185fc9c1e) Importer(815301076,1909f56bfc062723c751e8b465ee728b)
Start importing Assets/Tiles/Jungle_Tileset_7.asset using Guid(dac536fc4e86d2d448e379f185fc9c1e) Importer(815301076,1909f56bfc062723c751e8b465ee728b)  -> (artifact id: 'eadfb83ed89c34c058ce20e4d5b94f79') in 0.011135 seconds
  Import took 0.013862 seconds .

========================================================================
Received Import Request.
  Time since last request: 0.000177 seconds.
  path: Assets/Tiles/Jungle_Tileset_18.asset
  artifactKey: Guid(aab8a4ed42a25994baa230b2db759658) Importer(815301076,1909f56bfc062723c751e8b465ee728b)
Start importing Assets/Tiles/Jungle_Tileset_18.asset using Guid(aab8a4ed42a25994baa230b2db759658) Importer(815301076,1909f56bfc062723c751e8b465ee728b)  -> (artifact id: '91301ba5ac1015ddec6c7e97b0d14d35') in 0.011843 seconds
  Import took 0.014515 seconds .

========================================================================
Received Import Request.
  Time since last request: 0.000204 seconds.
  path: Assets/Tiles/GrassPlatform_TileSet_14.asset
  artifactKey: Guid(4066f421c0ba4c14b86fc772eb0dc7ff) Importer(815301076,1909f56bfc062723c751e8b465ee728b)
Start importing Assets/Tiles/GrassPlatform_TileSet_14.asset using Guid(4066f421c0ba4c14b86fc772eb0dc7ff) Importer(815301076,1909f56bfc062723c751e8b465ee728b)  -> (artifact id: '0f0002740553752a28dc348f57351a48') in 0.009830 seconds
  Import took 0.012441 seconds .

========================================================================
Received Import Request.
  Time since last request: 0.000183 seconds.
  path: Assets/Tiles/Jungle_Tileset_19.asset
  artifactKey: Guid(6a1592a7801b1964abdf894e1470f7e1) Importer(815301076,1909f56bfc062723c751e8b465ee728b)
Start importing Assets/Tiles/Jungle_Tileset_19.asset using Guid(6a1592a7801b1964abdf894e1470f7e1) Importer(815301076,1909f56bfc062723c751e8b465ee728b)  -> (artifact id: '79bc572cbc617f7e32f149919739bfbe') in 0.011696 seconds
  Import took 0.014658 seconds .

========================================================================
Received Import Request.
  Time since last request: 0.000221 seconds.
  path: Assets/Tiles/Jungle_Tileset_15.asset
  artifactKey: Guid(f8242d501fb1f444190ce87e560546d3) Importer(815301076,1909f56bfc062723c751e8b465ee728b)
Start importing Assets/Tiles/Jungle_Tileset_15.asset using Guid(f8242d501fb1f444190ce87e560546d3) Importer(815301076,1909f56bfc062723c751e8b465ee728b)  -> (artifact id: 'b94509072be3583f9e45b2ae670a9106') in 0.012073 seconds
  Import took 0.015148 seconds .

========================================================================
Received Import Request.
  Time since last request: 0.000173 seconds.
  path: Assets/Tiles/Jungle_Tileset_16.asset
  artifactKey: Guid(8c441c372f190f6489abc6f7675b844d) Importer(815301076,1909f56bfc062723c751e8b465ee728b)
Start importing Assets/Tiles/Jungle_Tileset_16.asset using Guid(8c441c372f190f6489abc6f7675b844d) Importer(815301076,1909f56bfc062723c751e8b465ee728b)  -> (artifact id: '794bcca533a606b6334e4298a1c4f443') in 0.011276 seconds
  Import took 0.014217 seconds .

========================================================================
Received Import Request.
  Time since last request: 0.000194 seconds.
  path: Assets/Tiles/GrassPlatform_TileSet_20.asset
  artifactKey: Guid(9ca7b2a91d9ce184a9e63a63a9ac93e5) Importer(815301076,1909f56bfc062723c751e8b465ee728b)
Start importing Assets/Tiles/GrassPlatform_TileSet_20.asset using Guid(9ca7b2a91d9ce184a9e63a63a9ac93e5) Importer(815301076,1909f56bfc062723c751e8b465ee728b)  -> (artifact id: '70b54a7044b28ecc0d5c33a6b4e40a2b') in 0.010489 seconds
  Import took 0.013623 seconds .

========================================================================
Received Import Request.
  Time since last request: 0.000164 seconds.
  path: Assets/Tiles/GrassPlatform_TileSet_9.asset
  artifactKey: Guid(20a76d943c6cd914c8e4478ea42710b9) Importer(815301076,1909f56bfc062723c751e8b465ee728b)
Start importing Assets/Tiles/GrassPlatform_TileSet_9.asset using Guid(20a76d943c6cd914c8e4478ea42710b9) Importer(815301076,1909f56bfc062723c751e8b465ee728b)  -> (artifact id: '24146030e5b1cecff285c531d3fd03e7') in 0.010733 seconds
  Import took 0.013381 seconds .

========================================================================
Received Prepare
Registering precompiled user dll's ...
Registered in 0.000867 seconds.
Begin MonoManager ReloadAssembly
Native extension for WindowsStandalone target not found
Native extension for OSXStandalone target not found
Native extension for WebGL target not found
Refreshing native plugins compatible for Editor in 0.45 ms, found 1 plugins.
Preloading 0 native plugins for Editor in 0.00 ms.
Invoked RoslynAnalysisRunner static constructor.
RoslynAnalysisRunner will not be running.
RoslynAnalysisRunner has terminated.
Mono: successfully reloaded assembly
- Completed reload, in  0.680 seconds
Platform modules already initialized, skipping
Refreshing native plugins compatible for Editor in 0.39 ms, found 1 plugins.
Preloading 0 native plugins for Editor in 0.00 ms.
Unloading 1801 Unused Serialized files (Serialized files now loaded: 0)
System memory in use before: 87.6 MB.
System memory in use after: 87.8 MB.

Unloading 7 unused Assets to reduce memory usage. Loaded Objects now: 2272.
Total: 1.941700 ms (FindLiveObjects: 0.222100 ms CreateObjectMapping: 0.039600 ms MarkObjects: 1.661500 ms  DeleteObjects: 0.017600 ms)

========================================================================
Received Import Request.
  Time since last request: 500.717261 seconds.
  path: Assets/2D Assets/Prefabs/CharacterRobotBoy.prefab
  artifactKey: Guid(87a2357765801c34292d6718d8b4d770) Importer(815301076,1909f56bfc062723c751e8b465ee728b)
Start importing Assets/2D Assets/Prefabs/CharacterRobotBoy.prefab using Guid(87a2357765801c34292d6718d8b4d770) Importer(815301076,1909f56bfc062723c751e8b465ee728b)  -> (artifact id: 'fdcca0bf5cff293e0bfac8056f8fbf5f') in 0.068070 seconds
  Import took 0.071372 seconds .

========================================================================
Received Import Request.
  Time since last request: 0.000197 seconds.
  path: Assets/2D Assets/Prefabs/CollisionSlider.prefab
  artifactKey: Guid(2a71c12ae885e4f80b5144a4652bbeb4) Importer(815301076,1909f56bfc062723c751e8b465ee728b)
Start importing Assets/2D Assets/Prefabs/CollisionSlider.prefab using Guid(2a71c12ae885e4f80b5144a4652bbeb4) Importer(815301076,1909f56bfc062723c751e8b465ee728b)  -> (artifact id: '13c8c29127d204b804030f1e01ba07a4') in 0.007836 seconds
  Import took 0.010214 seconds .

========================================================================
Received Import Request.
  Time since last request: 0.000178 seconds.
  path: Assets/2D Assets/Prefabs/ExtentsLeft.prefab
  artifactKey: Guid(0eb16b4b3e362ef4f97494dd0e686c46) Importer(815301076,1909f56bfc062723c751e8b465ee728b)
Start importing Assets/2D Assets/Prefabs/ExtentsLeft.prefab using Guid(0eb16b4b3e362ef4f97494dd0e686c46) Importer(815301076,1909f56bfc062723c751e8b465ee728b)  -> (artifact id: 'd68ae61d384de6e3289bc94b5b278991') in 0.012809 seconds
  Import took 0.015320 seconds .

========================================================================
Received Import Request.
  Time since last request: 0.000193 seconds.
  path: Assets/2D Assets/Prefabs/PlatformRamp.prefab
  artifactKey: Guid(47d3e747b2e87de4c8358aaa436365ea) Importer(815301076,1909f56bfc062723c751e8b465ee728b)
Start importing Assets/2D Assets/Prefabs/PlatformRamp.prefab using Guid(47d3e747b2e87de4c8358aaa436365ea) Importer(815301076,1909f56bfc062723c751e8b465ee728b)  -> (artifact id: '8469c9e099d552c80e89a700724aafce') in 0.012449 seconds
  Import took 0.015098 seconds .

========================================================================
Received Import Request.
  Time since last request: 0.000245 seconds.
  path: Assets/2D Assets/Prefabs/Platform04x01.prefab
  artifactKey: Guid(57977547c59abb546bbb1501e3c417db) Importer(815301076,1909f56bfc062723c751e8b465ee728b)
Start importing Assets/2D Assets/Prefabs/Platform04x01.prefab using Guid(57977547c59abb546bbb1501e3c417db) Importer(815301076,1909f56bfc062723c751e8b465ee728b)  -> (artifact id: '49e5e66fc041f99b3ed0e6b3c2d35a37') in 0.011714 seconds
  Import took 0.014342 seconds .

========================================================================
Received Import Request.
  Time since last request: 0.000227 seconds.
  path: Assets/2D Assets/Prefabs/Platform12x01.prefab
  artifactKey: Guid(0ce4cbc241d3aca4da0b94a0ffa0d51f) Importer(815301076,1909f56bfc062723c751e8b465ee728b)
Start importing Assets/2D Assets/Prefabs/Platform12x01.prefab using Guid(0ce4cbc241d3aca4da0b94a0ffa0d51f) Importer(815301076,1909f56bfc062723c751e8b465ee728b)  -> (artifact id: '844a75f1385c616196cabb5fd7facf61') in 0.011508 seconds
  Import took 0.014467 seconds .

========================================================================
Received Import Request.
  Time since last request: 0.000211 seconds.
  path: Assets/2D Assets/Prefabs/Killzone.prefab
  artifactKey: Guid(a038b284634e29f4aaf058814aa61a6f) Importer(815301076,1909f56bfc062723c751e8b465ee728b)
Start importing Assets/2D Assets/Prefabs/Killzone.prefab using Guid(a038b284634e29f4aaf058814aa61a6f) Importer(815301076,1909f56bfc062723c751e8b465ee728b)  -> (artifact id: '56c860fd9cf169faf8827d929e752fe7') in 0.008325 seconds
  Import took 0.010798 seconds .

========================================================================
Received Import Request.
  Time since last request: 0.000205 seconds.
  path: Assets/2D Assets/Prefabs/Platform36x01.prefab
  artifactKey: Guid(d024aaa09f4080d448d16f62d1a97b0b) Importer(815301076,1909f56bfc062723c751e8b465ee728b)
Start importing Assets/2D Assets/Prefabs/Platform36x01.prefab using Guid(d024aaa09f4080d448d16f62d1a97b0b) Importer(815301076,1909f56bfc062723c751e8b465ee728b)  -> (artifact id: '9c410ac90918d2fdd005d3c82cbf8e62') in 0.015023 seconds
  Import took 0.017944 seconds .

========================================================================
Received Import Request.
  Time since last request: 0.000218 seconds.
  path: Assets/2D Assets/Prefabs/Platform08x01.prefab
  artifactKey: Guid(674c23718320e9d498cdad2a5bcd576a) Importer(815301076,1909f56bfc062723c751e8b465ee728b)
Start importing Assets/2D Assets/Prefabs/Platform08x01.prefab using Guid(674c23718320e9d498cdad2a5bcd576a) Importer(815301076,1909f56bfc062723c751e8b465ee728b)  -> (artifact id: 'd6504e724c6183cd213449ba8eb295fd') in 0.012741 seconds
  Import took 0.015569 seconds .

========================================================================
Received Import Request.
  Time since last request: 0.000234 seconds.
  path: Assets/2D Assets/Prefabs/CratePink.prefab
  artifactKey: Guid(18fcd494ab71841d695135246693eb3a) Importer(815301076,1909f56bfc062723c751e8b465ee728b)
Start importing Assets/2D Assets/Prefabs/CratePink.prefab using Guid(18fcd494ab71841d695135246693eb3a) Importer(815301076,1909f56bfc062723c751e8b465ee728b)  -> (artifact id: '4598acaf25100beeeb06f442c29d7db5') in 0.012360 seconds
  Import took 0.015562 seconds .

========================================================================
Received Import Request.
  Time since last request: 0.000227 seconds.
  path: Assets/2D Assets/Prefabs/Platform16x01.prefab
  artifactKey: Guid(ba4eef1c1bb56b444b143beb8d3e30d5) Importer(815301076,1909f56bfc062723c751e8b465ee728b)
Start importing Assets/2D Assets/Prefabs/Platform16x01.prefab using Guid(ba4eef1c1bb56b444b143beb8d3e30d5) Importer(815301076,1909f56bfc062723c751e8b465ee728b)  -> (artifact id: '06ac6ccb04cdb112f2c96bf9e18aebaa') in 0.011429 seconds
  Import took 0.014514 seconds .

========================================================================
Received Import Request.
  Time since last request: 0.000205 seconds.
  path: Assets/2D Assets/Prefabs/CratePink.prefab
  artifactKey: Guid(18fcd494ab71841d695135246693eb3a) Importer(815301076,1909f56bfc062723c751e8b465ee728b)
Start importing Assets/2D Assets/Prefabs/CratePink.prefab using Guid(18fcd494ab71841d695135246693eb3a) Importer(815301076,1909f56bfc062723c751e8b465ee728b)  -> (artifact id: '4598acaf25100beeeb06f442c29d7db5') in 0.007330 seconds
  Import took 0.009969 seconds .

========================================================================
Received Import Request.
  Time since last request: 0.000170 seconds.
  path: Assets/2D Assets/Prefabs/ExtentsRight.prefab
  artifactKey: Guid(b241b59d6a89aff4fbf0bce77e644761) Importer(815301076,1909f56bfc062723c751e8b465ee728b)
Start importing Assets/2D Assets/Prefabs/ExtentsRight.prefab using Guid(b241b59d6a89aff4fbf0bce77e644761) Importer(815301076,1909f56bfc062723c751e8b465ee728b)  -> (artifact id: '02d59b60bf56196c5e4c77ef1e9a1267') in 0.012427 seconds
  Import took 0.015238 seconds .

========================================================================
Received Import Request.
  Time since last request: 197.090596 seconds.
  path: Assets/TIY.unity
  artifactKey: Guid(4a958cdd196fc34489b5650d368e8b17) Importer(815301076,1909f56bfc062723c751e8b465ee728b)
Start importing Assets/TIY.unity using Guid(4a958cdd196fc34489b5650d368e8b17) Importer(815301076,1909f56bfc062723c751e8b465ee728b)  -> (artifact id: 'ff3c7e7eaf8a114c4d5e95c3a86be2f2') in 0.007446 seconds
  Import took 0.010814 seconds .

========================================================================
Received Import Request.
  Time since last request: 0.000524 seconds.
  path: Assets/TIY.unity
  artifactKey: Guid(4a958cdd196fc34489b5650d368e8b17) Importer(815301076,1909f56bfc062723c751e8b465ee728b)
Start importing Assets/TIY.unity using Guid(4a958cdd196fc34489b5650d368e8b17) Importer(815301076,1909f56bfc062723c751e8b465ee728b)  -> (artifact id: 'ff3c7e7eaf8a114c4d5e95c3a86be2f2') in 0.002305 seconds
  Import took 0.004560 seconds .

========================================================================
Received Import Request.
  Time since last request: 13.553253 seconds.
  path: Assets/Exercise.unity
  artifactKey: Guid(b747497725fc61542bc0ebc2dd076a14) Importer(815301076,1909f56bfc062723c751e8b465ee728b)
Start importing Assets/Exercise.unity using Guid(b747497725fc61542bc0ebc2dd076a14) Importer(815301076,1909f56bfc062723c751e8b465ee728b)  -> (artifact id: 'b97e3b9bc9ac4ae648636bb97cc0b246') in 0.008173 seconds
  Import took 0.011331 seconds .

========================================================================
Received Import Request.
  Time since last request: 0.000585 seconds.
  path: Assets/Exercise.unity
  artifactKey: Guid(b747497725fc61542bc0ebc2dd076a14) Importer(815301076,1909f56bfc062723c751e8b465ee728b)
Start importing Assets/Exercise.unity using Guid(b747497725fc61542bc0ebc2dd076a14) Importer(815301076,1909f56bfc062723c751e8b465ee728b)  -> (artifact id: 'b97e3b9bc9ac4ae648636bb97cc0b246') in 0.002475 seconds
  Import took 0.005447 seconds .

========================================================================
Received Prepare
Registering precompiled user dll's ...
Registered in 0.001150 seconds.
Begin MonoManager ReloadAssembly
Native extension for WindowsStandalone target not found
Native extension for OSXStandalone target not found
Native extension for WebGL target not found
Refreshing native plugins compatible for Editor in 0.48 ms, found 1 plugins.
Preloading 0 native plugins for Editor in 0.00 ms.
Invoked RoslynAnalysisRunner static constructor.
RoslynAnalysisRunner will not be running.
RoslynAnalysisRunner has terminated.
Mono: successfully reloaded assembly
- Completed reload, in  0.712 seconds
Platform modules already initialized, skipping
Refreshing native plugins compatible for Editor in 0.45 ms, found 1 plugins.
Preloading 0 native plugins for Editor in 0.00 ms.
Unloading 1801 Unused Serialized files (Serialized files now loaded: 0)
System memory in use before: 87.8 MB.
System memory in use after: 87.9 MB.

Unloading 7 unused Assets to reduce memory usage. Loaded Objects now: 2280.
Total: 2.188600 ms (FindLiveObjects: 0.340900 ms CreateObjectMapping: 0.053700 ms MarkObjects: 1.771600 ms  DeleteObjects: 0.021400 ms)

========================================================================
Received Prepare
Registering precompiled user dll's ...
Registered in 0.000964 seconds.
Begin MonoManager ReloadAssembly
Native extension for WindowsStandalone target not found
Native extension for OSXStandalone target not found
Native extension for WebGL target not found
Refreshing native plugins compatible for Editor in 0.44 ms, found 1 plugins.
Preloading 0 native plugins for Editor in 0.00 ms.
Invoked RoslynAnalysisRunner static constructor.
RoslynAnalysisRunner will not be running.
RoslynAnalysisRunner has terminated.
Mono: successfully reloaded assembly
- Completed reload, in  0.678 seconds
Platform modules already initialized, skipping
Refreshing native plugins compatible for Editor in 0.29 ms, found 1 plugins.
Preloading 0 native plugins for Editor in 0.00 ms.
Unloading 1801 Unused Serialized files (Serialized files now loaded: 0)
System memory in use before: 87.8 MB.
System memory in use after: 88.0 MB.

Unloading 7 unused Assets to reduce memory usage. Loaded Objects now: 2284.
Total: 2.215700 ms (FindLiveObjects: 0.230800 ms CreateObjectMapping: 0.038300 ms MarkObjects: 1.928000 ms  DeleteObjects: 0.017300 ms)

AssetImportWorkerClient::OnTransportError - code=2 error=End of file
